2026-05-07 00:16:40.337 +03:00 [INF] [] ✅ Serilog configured successfully
2026-05-07 00:16:48.604 +03:00 [WRN] [] ⚠️ Redis connection failed, falling back to InMemory cache
StackExchange.Redis.RedisConnectionException: It was not possible to connect to the redis server(s). Error connecting right now. To allow this multiplexer to continue retrying until it's able to connect, use abortConnect=false in your connection string or AbortOnConnectFail=false; in your code.
   at StackExchange.Redis.ConnectionMultiplexer.ConnectImpl(ConfigurationOptions configuration, TextWriter writer, Nullable`1 serverType, EndPointCollection endpoints) in /_/src/StackExchange.Redis/ConnectionMultiplexer.cs:line 716
   at StackExchange.Redis.ConnectionMultiplexer.Connect(ConfigurationOptions configuration, TextWriter log) in /_/src/StackExchange.Redis/ConnectionMultiplexer.cs:line 678
   at StackExchange.Redis.ConnectionMultiplexer.Connect(String configuration, TextWriter log) in /_/src/StackExchange.Redis/ConnectionMultiplexer.cs:line 656
   at Program.<Main>$(String[] args) in C:\Alla\CHNU_DYPLOMA\BACKEND\LeveLEO\Program.cs:line 143
2026-05-07 00:16:49.913 +03:00 [WRN] [Microsoft.EntityFrameworkCore.Model.Validation] Entity 'ApplicationUser' has a global query filter defined and is the required end of a relationship with the entity 'RefreshToken'. This may lead to unexpected results when the required entity is filtered out. Either configure the navigation as optional, or define matching query filters for both entities in the navigation. See https://go.microsoft.com/fwlink/?linkid=2131316 for more information.
2026-05-07 00:16:49.915 +03:00 [WRN] [Microsoft.EntityFrameworkCore.Model.Validation] Entity 'ApplicationUser' has a global query filter defined and is the required end of a relationship with the entity 'Order'. This may lead to unexpected results when the required entity is filtered out. Either configure the navigation as optional, or define matching query filters for both entities in the navigation. See https://go.microsoft.com/fwlink/?linkid=2131316 for more information.
2026-05-07 00:16:49.915 +03:00 [WRN] [Microsoft.EntityFrameworkCore.Model.Validation] Entity 'ApplicationUser' has a global query filter defined and is the required end of a relationship with the entity 'CouponAssignment'. This may lead to unexpected results when the required entity is filtered out. Either configure the navigation as optional, or define matching query filters for both entities in the navigation. See https://go.microsoft.com/fwlink/?linkid=2131316 for more information.
2026-05-07 00:16:49.915 +03:00 [WRN] [Microsoft.EntityFrameworkCore.Model.Validation] Entity 'ApplicationUser' has a global query filter defined and is the required end of a relationship with the entity 'UserAddress'. This may lead to unexpected results when the required entity is filtered out. Either configure the navigation as optional, or define matching query filters for both entities in the navigation. See https://go.microsoft.com/fwlink/?linkid=2131316 for more information.
2026-05-07 00:16:49.916 +03:00 [WRN] [Microsoft.EntityFrameworkCore.Model.Validation] Entity 'ApplicationUser' has a global query filter defined and is the required end of a relationship with the entity 'ShoppingCart'. This may lead to unexpected results when the required entity is filtered out. Either configure the navigation as optional, or define matching query filters for both entities in the navigation. See https://go.microsoft.com/fwlink/?linkid=2131316 for more information.
2026-05-07 00:16:49.916 +03:00 [WRN] [Microsoft.EntityFrameworkCore.Model.Validation] Entity 'ApplicationUser' has a global query filter defined and is the required end of a relationship with the entity 'UserComparison'. This may lead to unexpected results when the required entity is filtered out. Either configure the navigation as optional, or define matching query filters for both entities in the navigation. See https://go.microsoft.com/fwlink/?linkid=2131316 for more information.
2026-05-07 00:16:49.916 +03:00 [WRN] [Microsoft.EntityFrameworkCore.Model.Validation] Entity 'ApplicationUser' has a global query filter defined and is the required end of a relationship with the entity 'UserFavorite'. This may lead to unexpected results when the required entity is filtered out. Either configure the navigation as optional, or define matching query filters for both entities in the navigation. See https://go.microsoft.com/fwlink/?linkid=2131316 for more information.
2026-05-07 00:17:12.881 +03:00 [INF] [] ✅ Serilog configured successfully
2026-05-07 00:17:21.118 +03:00 [WRN] [] ⚠️ Redis connection failed, falling back to InMemory cache
StackExchange.Redis.RedisConnectionException: It was not possible to connect to the redis server(s). Error connecting right now. To allow this multiplexer to continue retrying until it's able to connect, use abortConnect=false in your connection string or AbortOnConnectFail=false; in your code.
   at StackExchange.Redis.ConnectionMultiplexer.ConnectImpl(ConfigurationOptions configuration, TextWriter writer, Nullable`1 serverType, EndPointCollection endpoints) in /_/src/StackExchange.Redis/ConnectionMultiplexer.cs:line 716
   at StackExchange.Redis.ConnectionMultiplexer.Connect(ConfigurationOptions configuration, TextWriter log) in /_/src/StackExchange.Redis/ConnectionMultiplexer.cs:line 678
   at StackExchange.Redis.ConnectionMultiplexer.Connect(String configuration, TextWriter log) in /_/src/StackExchange.Redis/ConnectionMultiplexer.cs:line 656
   at Program.<Main>$(String[] args) in C:\Alla\CHNU_DYPLOMA\BACKEND\LeveLEO\Program.cs:line 143
2026-05-07 00:17:21.826 +03:00 [WRN] [Microsoft.EntityFrameworkCore.Model.Validation] Entity 'ApplicationUser' has a global query filter defined and is the required end of a relationship with the entity 'RefreshToken'. This may lead to unexpected results when the required entity is filtered out. Either configure the navigation as optional, or define matching query filters for both entities in the navigation. See https://go.microsoft.com/fwlink/?linkid=2131316 for more information.
2026-05-07 00:17:21.831 +03:00 [WRN] [Microsoft.EntityFrameworkCore.Model.Validation] Entity 'ApplicationUser' has a global query filter defined and is the required end of a relationship with the entity 'Order'. This may lead to unexpected results when the required entity is filtered out. Either configure the navigation as optional, or define matching query filters for both entities in the navigation. See https://go.microsoft.com/fwlink/?linkid=2131316 for more information.
2026-05-07 00:17:21.831 +03:00 [WRN] [Microsoft.EntityFrameworkCore.Model.Validation] Entity 'ApplicationUser' has a global query filter defined and is the required end of a relationship with the entity 'CouponAssignment'. This may lead to unexpected results when the required entity is filtered out. Either configure the navigation as optional, or define matching query filters for both entities in the navigation. See https://go.microsoft.com/fwlink/?linkid=2131316 for more information.
2026-05-07 00:17:21.831 +03:00 [WRN] [Microsoft.EntityFrameworkCore.Model.Validation] Entity 'ApplicationUser' has a global query filter defined and is the required end of a relationship with the entity 'UserAddress'. This may lead to unexpected results when the required entity is filtered out. Either configure the navigation as optional, or define matching query filters for both entities in the navigation. See https://go.microsoft.com/fwlink/?linkid=2131316 for more information.
2026-05-07 00:17:21.831 +03:00 [WRN] [Microsoft.EntityFrameworkCore.Model.Validation] Entity 'ApplicationUser' has a global query filter defined and is the required end of a relationship with the entity 'ShoppingCart'. This may lead to unexpected results when the required entity is filtered out. Either configure the navigation as optional, or define matching query filters for both entities in the navigation. See https://go.microsoft.com/fwlink/?linkid=2131316 for more information.
2026-05-07 00:17:21.831 +03:00 [WRN] [Microsoft.EntityFrameworkCore.Model.Validation] Entity 'ApplicationUser' has a global query filter defined and is the required end of a relationship with the entity 'UserComparison'. This may lead to unexpected results when the required entity is filtered out. Either configure the navigation as optional, or define matching query filters for both entities in the navigation. See https://go.microsoft.com/fwlink/?linkid=2131316 for more information.
2026-05-07 00:17:21.831 +03:00 [WRN] [Microsoft.EntityFrameworkCore.Model.Validation] Entity 'ApplicationUser' has a global query filter defined and is the required end of a relationship with the entity 'UserFavorite'. This may lead to unexpected results when the required entity is filtered out. Either configure the navigation as optional, or define matching query filters for both entities in the navigation. See https://go.microsoft.com/fwlink/?linkid=2131316 for more information.
2026-05-07 00:17:24.711 +03:00 [ERR] [Microsoft.EntityFrameworkCore.Database.Command] Failed executing DbCommand (212ms) [Parameters=[], CommandType='"Text"', CommandTimeout='30']
SELECT "MigrationId", "ProductVersion"
FROM "__EFMigrationsHistory"
ORDER BY "MigrationId";
