2026-04-03 22:22:19.736 +03:00 [INF] [] ✅ Serilog configured successfully
2026-04-03 22:22:28.130 +03:00 [WRN] [] ⚠️ Redis connection failed, falling back to InMemory cache
StackExchange.Redis.RedisConnectionException: It was not possible to connect to the redis server(s). Error connecting right now. To allow this multiplexer to continue retrying until it's able to connect, use abortConnect=false in your connection string or AbortOnConnectFail=false; in your code.
   at StackExchange.Redis.ConnectionMultiplexer.ConnectImpl(ConfigurationOptions configuration, TextWriter writer, Nullable`1 serverType, EndPointCollection endpoints) in /_/src/StackExchange.Redis/ConnectionMultiplexer.cs:line 716
   at StackExchange.Redis.ConnectionMultiplexer.Connect(ConfigurationOptions configuration, TextWriter log) in /_/src/StackExchange.Redis/ConnectionMultiplexer.cs:line 678
   at StackExchange.Redis.ConnectionMultiplexer.Connect(String configuration, TextWriter log) in /_/src/StackExchange.Redis/ConnectionMultiplexer.cs:line 656
   at Program.<Main>$(String[] args) in C:\Alla\CHNU_DYPLOMA\BACKEND\LeveLEO\Program.cs:line 142
2026-04-03 22:22:30.473 +03:00 [WRN] [Microsoft.EntityFrameworkCore.Model.Validation] Entity 'ApplicationUser' has a global query filter defined and is the required end of a relationship with the entity 'RefreshToken'. This may lead to unexpected results when the required entity is filtered out. Either configure the navigation as optional, or define matching query filters for both entities in the navigation. See https://go.microsoft.com/fwlink/?linkid=2131316 for more information.
2026-04-03 22:22:30.481 +03:00 [WRN] [Microsoft.EntityFrameworkCore.Model.Validation] Entity 'ApplicationUser' has a global query filter defined and is the required end of a relationship with the entity 'Order'. This may lead to unexpected results when the required entity is filtered out. Either configure the navigation as optional, or define matching query filters for both entities in the navigation. See https://go.microsoft.com/fwlink/?linkid=2131316 for more information.
2026-04-03 22:22:30.486 +03:00 [WRN] [Microsoft.EntityFrameworkCore.Model.Validation] Entity 'ApplicationUser' has a global query filter defined and is the required end of a relationship with the entity 'CouponAssignment'. This may lead to unexpected results when the required entity is filtered out. Either configure the navigation as optional, or define matching query filters for both entities in the navigation. See https://go.microsoft.com/fwlink/?linkid=2131316 for more information.
2026-04-03 22:22:30.491 +03:00 [WRN] [Microsoft.EntityFrameworkCore.Model.Validation] Entity 'ApplicationUser' has a global query filter defined and is the required end of a relationship with the entity 'UserAddress'. This may lead to unexpected results when the required entity is filtered out. Either configure the navigation as optional, or define matching query filters for both entities in the navigation. See https://go.microsoft.com/fwlink/?linkid=2131316 for more information.
2026-04-03 22:22:30.495 +03:00 [WRN] [Microsoft.EntityFrameworkCore.Model.Validation] Entity 'ApplicationUser' has a global query filter defined and is the required end of a relationship with the entity 'ShoppingCart'. This may lead to unexpected results when the required entity is filtered out. Either configure the navigation as optional, or define matching query filters for both entities in the navigation. See https://go.microsoft.com/fwlink/?linkid=2131316 for more information.
2026-04-03 22:22:30.500 +03:00 [WRN] [Microsoft.EntityFrameworkCore.Model.Validation] Entity 'ApplicationUser' has a global query filter defined and is the required end of a relationship with the entity 'UserComparison'. This may lead to unexpected results when the required entity is filtered out. Either configure the navigation as optional, or define matching query filters for both entities in the navigation. See https://go.microsoft.com/fwlink/?linkid=2131316 for more information.
2026-04-03 22:22:30.504 +03:00 [WRN] [Microsoft.EntityFrameworkCore.Model.Validation] Entity 'ApplicationUser' has a global query filter defined and is the required end of a relationship with the entity 'UserFavorite'. This may lead to unexpected results when the required entity is filtered out. Either configure the navigation as optional, or define matching query filters for both entities in the navigation. See https://go.microsoft.com/fwlink/?linkid=2131316 for more information.
2026-04-03 22:23:17.868 +03:00 [INF] [LeveLEO.Infrastructure.Events.InMemoryEventBus] Subscribed OrderCreatedEmailHandler to OrderCreatedEvent
2026-04-03 22:23:17.871 +03:00 [INF] [LeveLEO.Infrastructure.Events.InMemoryEventBus] Subscribed OrderPaidEmailHandler to OrderPaidEvent
2026-04-03 22:23:17.874 +03:00 [INF] [LeveLEO.Infrastructure.Events.InMemoryEventBus] Subscribed OrderShippedEmailHandler to OrderShippedEvent
2026-04-03 22:23:17.877 +03:00 [INF] [LeveLEO.Infrastructure.Events.InMemoryEventBus] Subscribed OrderCompletedEmailHandler to OrderCompletedEvent
2026-04-03 22:23:17.879 +03:00 [INF] [LeveLEO.Infrastructure.Events.InMemoryEventBus] Subscribed ReviewApprovedEmailHandler to ReviewApprovedEvent
2026-04-03 22:23:17.882 +03:00 [INF] [LeveLEO.Infrastructure.Events.InMemoryEventBus] Subscribed ReviewRejectedEmailHandler to ReviewRejectedEvent
2026-04-03 22:23:17.885 +03:00 [INF] [LeveLEO.Infrastructure.Events.InMemoryEventBus] Subscribed ReviewCreatedTaskHandler to ReviewCreatedEvent
2026-04-03 22:23:17.888 +03:00 [INF] [LeveLEO.Infrastructure.Events.InMemoryEventBus] Subscribed OrderPaidTaskHandler to OrderPaidEvent
2026-04-03 22:23:17.890 +03:00 [INF] [LeveLEO.Infrastructure.Events.InMemoryEventBus] Subscribed PaymentMismatchTaskHandler to PaymentOrderMismatchEvent
2026-04-03 22:23:17.893 +03:00 [INF] [LeveLEO.Infrastructure.Events.InMemoryEventBus] Subscribed ContactFormReceivedEmailHandler to ContactFormReceivedEvent
2026-04-03 22:23:17.896 +03:00 [INF] [LeveLEO.Infrastructure.Events.InMemoryEventBus] Subscribed ContactFormResolvedEmailHandler to ContactFormResolvedEvent
2026-04-03 22:23:17.898 +03:00 [INF] [LeveLEO.Infrastructure.Events.InMemoryEventBus] Subscribed ProductCreatedNewsletterHandler to ProductCreatedEvent
2026-04-03 22:23:17.901 +03:00 [INF] [LeveLEO.Infrastructure.Events.InMemoryEventBus] Subscribed PromotionCreatedNewsletterHandler to PromotionCreatedEvent
2026-04-03 22:23:17.903 +03:00 [INF] [] ✅ Event handlers subscribed successfully
2026-04-03 22:23:17.905 +03:00 [INF] [] 🚀 Starting LeveLEO application...
2026-04-03 22:23:18.090 +03:00 [INF] [Microsoft.Hosting.Lifetime] Now listening on: http://localhost:5158
2026-04-03 22:23:18.095 +03:00 [INF] [Microsoft.Hosting.Lifetime] Application started. Press Ctrl+C to shut down.
2026-04-03 22:23:18.097 +03:00 [INF] [Microsoft.Hosting.Lifetime] Hosting environment: Development
2026-04-03 22:23:18.100 +03:00 [INF] [Microsoft.Hosting.Lifetime] Content root path: C:\Alla\CHNU_DYPLOMA\BACKEND\LeveLEO
2026-04-03 22:23:44.095 +03:00 [INF] [Microsoft.Hosting.Lifetime] Application is shutting down...
